00000000
00000000
00000000
00000000
00000000
00000000
00000000
00000000
00000000
00000000
00000000
00000000
00000000
00000000
00000000
00000000
00000000
00000000
00000000
00000000
00000000
00000000
00000000
00000000
00119193
00418213
00C1D193
00C15113
000081B7
00002137
0780A083
00000097
04842403
00000417
00008397
0401F313
FE40F8E3
00420213
00128293
07F14293
00000417
00000063
00941463
0304A483
00000497
00852023
03C50513
00000517
00000000
00000040
DEADBEEF
00000000
00000000
00000000
00840063
01842403
00000000
00000000
00000000
00000000
00000000
00000000
00000000
600D600D